\BOOKMARK [1][-]{section.1}{\376\377\000I\000n\000t\000r\000o\000d\000u\000c\000t\000i\000o\000n}{}% 1
\BOOKMARK [2][-]{subsection.1.1}{\376\377\000P\000a\000r\000t\000\040\0001\000\040\000-\000\040\000F\000i\000n\000\040\000B\000a\000n\000k}{section.1}% 2
\BOOKMARK [3][-]{subsubsection.1.1.1}{\376\377\000I\000n\000t\000r\000o\000d\000u\000c\000t\000i\000o\000n\000\040\000t\000o\000\040\000P\000a\000r\000t\000\040\0001}{subsection.1.1}% 3
\BOOKMARK [3][-]{subsubsection.1.1.2}{\376\377\000T\000h\000e\000r\000m\000a\000l\000\040\000R\000e\000s\000i\000s\000t\000a\000n\000c\000e\000\040\000E\000q\000u\000a\000t\000i\000o\000n\000\040\000a\000n\000d\000\040\000M\000o\000d\000e\000l\000i\000n\000g\000\040\000M\000e\000t\000h\000o\000d\000o\000l\000o\000g\000y}{subsection.1.1}% 4
\BOOKMARK [2][-]{subsection.1.2}{\376\377\000P\000a\000r\000t\000\040\0002\000\040\000-\000\040\000C\000o\000o\000l\000i\000n\000g\000\040\000S\000y\000s\000t\000e\000m}{section.1}% 5
\BOOKMARK [3][-]{subsubsection.1.2.1}{\376\377\000I\000n\000t\000r\000o\000d\000u\000c\000t\000i\000o\000n\000\040\000t\000o\000\040\000P\000a\000r\000t\000\040\0002}{subsection.1.2}% 6
\BOOKMARK [3][-]{subsubsection.1.2.2}{\376\377\000C\000o\000o\000l\000i\000n\000g\000\040\000F\000l\000o\000w\000\040\000M\000o\000d\000e\000l\000\040\000w\000i\000t\000h\000\040\000C\000o\000n\000v\000e\000c\000t\000i\000v\000e\000\040\000H\000e\000a\000t\000\040\000T\000r\000a\000n\000s\000f\000e\000r}{subsection.1.2}% 7
\BOOKMARK [3][-]{subsubsection.1.2.3}{\376\377\000S\000u\000r\000r\000o\000g\000a\000t\000e\000\040\000D\000u\000c\000t\000\040\000a\000n\000d\000\040\000F\000l\000o\000w\000\040\000A\000s\000s\000u\000m\000p\000t\000i\000o\000n\000s}{subsection.1.2}% 8
\BOOKMARK [2][-]{subsection.1.3}{\376\377\000P\000a\000r\000t\000\040\0003\000\040\000-\000\040\000P\000e\000r\000f\000o\000r\000m\000a\000n\000c\000e\000\040\000A\000n\000a\000l\000y\000s\000i\000s}{section.1}% 9
\BOOKMARK [3][-]{subsubsection.1.3.1}{\376\377\000I\000n\000t\000r\000o\000d\000u\000c\000t\000i\000o\000n\000\040\000t\000o\000\040\000P\000a\000r\000t\000\040\0003}{subsection.1.3}% 10
\BOOKMARK [3][-]{subsubsection.1.3.2}{\376\377\000P\000e\000r\000f\000o\000r\000m\000a\000n\000c\000e\000\040\000A\000n\000a\000l\000y\000s\000i\000s\000\040\000a\000n\000d\000\040\000P\000a\000r\000a\000m\000e\000t\000r\000i\000c\000\040\000S\000t\000u\000d\000y}{subsection.1.3}% 11
\BOOKMARK [2][-]{subsection.1.4}{\376\377\000A\000s\000s\000u\000m\000p\000t\000i\000o\000n\000s}{section.1}% 12
\BOOKMARK [1][-]{section.2}{\376\377\000C\000a\000l\000c\000u\000l\000a\000t\000i\000o\000n\000s}{}% 13
\BOOKMARK [2][-]{subsection.2.1}{\376\377\000D\000i\000a\000g\000r\000a\000m\000s}{section.2}% 14
\BOOKMARK [2][-]{subsection.2.2}{\376\377\000P\000a\000r\000t\000\040\0001\000\040\000-\000\040\000F\000i\000n\000\040\000B\000a\000n\000k}{section.2}% 15
\BOOKMARK [3][-]{subsubsection.2.2.1}{\376\377\000F\000i\000n\000\040\000G\000e\000o\000m\000e\000t\000r\000y\000\040\000a\000n\000d\000\040\000S\000u\000r\000f\000a\000c\000e\000\040\000A\000r\000e\000a\000s}{subsection.2.2}% 16
\BOOKMARK [3][-]{subsubsection.2.2.2}{\376\377\000F\000i\000n\000\040\000E\000f\000f\000i\000c\000i\000e\000n\000c\000y}{subsection.2.2}% 17
\BOOKMARK [3][-]{subsubsection.2.2.3}{\376\377\000O\000v\000e\000r\000a\000l\000l\000\040\000F\000i\000n\000\040\000E\000f\000f\000i\000c\000i\000e\000n\000c\000y}{subsection.2.2}% 18
\BOOKMARK [3][-]{subsubsection.2.2.4}{\376\377\000T\000h\000e\000r\000m\000a\000l\000\040\000R\000e\000s\000i\000s\000t\000a\000n\000c\000e\000\040\000N\000e\000t\000w\000o\000r\000k}{subsection.2.2}% 19
\BOOKMARK [3][-]{subsubsection.2.2.5}{\376\377\000H\000e\000a\000t\000\040\000T\000r\000a\000n\000s\000f\000e\000r\000\040\000R\000a\000t\000e\000\040\000a\000n\000d\000\040\000C\000P\000U\000\040\000P\000o\000w\000e\000r}{subsection.2.2}% 20
\BOOKMARK [3][-]{subsubsection.2.2.6}{\376\377\000A\000i\000r\000f\000l\000o\000w\000\040\000R\000e\000q\000u\000i\000r\000e\000m\000e\000n\000t\000s\000\040\000\050\000E\000n\000e\000r\000g\000y\000\040\000B\000a\000l\000a\000n\000c\000e\000\051}{subsection.2.2}% 21
\BOOKMARK [3][-]{subsubsection.2.2.7}{\376\377\000V\000e\000r\000i\000f\000i\000c\000a\000t\000i\000o\000n\000\040\000o\000f\000\040\000P\000a\000r\000t\000\040\0001\000\040\000M\000o\000d\000e\000l}{subsection.2.2}% 22
\BOOKMARK [2][-]{subsection.2.3}{\376\377\000P\000a\000r\000t\000\040\0002\000\040\000-\000\040\000C\000o\000o\000l\000i\000n\000g\000\040\000S\000y\000s\000t\000e\000m}{section.2}% 23
\BOOKMARK [3][-]{subsubsection.2.3.1}{\376\377\000R\000e\000y\000n\000o\000l\000d\000s\000\040\000N\000u\000m\000b\000e\000r\000\040\000a\000n\000d\000\040\000M\000e\000a\000n\000\040\000V\000e\000l\000o\000c\000i\000t\000y}{subsection.2.3}% 24
\BOOKMARK [3][-]{subsubsection.2.3.2}{\376\377\000N\000u\000s\000s\000e\000l\000t\000\040\000N\000u\000m\000b\000e\000r\000\040\000a\000n\000d\000\040\000C\000o\000n\000v\000e\000c\000t\000i\000o\000n\000\040\000C\000o\000e\000f\000f\000i\000c\000i\000e\000n\000t}{subsection.2.3}% 25
\BOOKMARK [3][-]{subsubsection.2.3.3}{\376\377\000M\000a\000s\000s\000\040\000F\000l\000o\000w\000\040\000R\000a\000t\000e\000\040\000\050\000C\000o\000n\000s\000e\000r\000v\000a\000t\000i\000o\000n\000\040\000o\000f\000\040\000M\000a\000s\000s\000\051}{subsection.2.3}% 26
\BOOKMARK [3][-]{subsubsection.2.3.4}{\376\377\000E\000n\000e\000r\000g\000y\000\040\000B\000a\000l\000a\000n\000c\000e\000\040\000o\000n\000\040\000t\000h\000e\000\040\000A\000i\000r\000\040\000\050\000F\000i\000r\000s\000t\000\040\000L\000a\000w\000\051}{subsection.2.3}% 27
\BOOKMARK [3][-]{subsubsection.2.3.5}{\376\377\000T\000h\000e\000r\000m\000a\000l\000\040\000R\000e\000s\000i\000s\000t\000a\000n\000c\000e\000\040\000w\000i\000t\000h\000\040\000C\000o\000n\000d\000u\000c\000t\000i\000o\000n\000\040\000a\000n\000d\000\040\000C\000o\000n\000t\000a\000c\000t\000\040\000E\000f\000f\000e\000c\000t\000s}{subsection.2.3}% 28
\BOOKMARK [3][-]{subsubsection.2.3.6}{\376\377\000F\000a\000n\000\040\000P\000e\000r\000f\000o\000r\000m\000a\000n\000c\000e\000\040\000a\000n\000d\000\040\000P\000o\000w\000e\000r\000\040\000R\000e\000q\000u\000i\000r\000e\000m\000e\000n\000t}{subsection.2.3}% 29
\BOOKMARK [3][-]{subsubsection.2.3.7}{\376\377\000V\000e\000r\000i\000f\000i\000c\000a\000t\000i\000o\000n\000\040\000o\000f\000\040\000P\000a\000r\000t\000\040\0002\000\040\000M\000o\000d\000e\000l}{subsection.2.3}% 30
\BOOKMARK [2][-]{subsection.2.4}{\376\377\000P\000a\000r\000t\000\040\0003\000\040\000-\000\040\000P\000e\000r\000f\000o\000r\000m\000a\000n\000c\000e\000\040\000A\000n\000a\000l\000y\000s\000i\000s}{section.2}% 31
\BOOKMARK [3][-]{subsubsection.2.4.1}{\376\377\000P\000e\000r\000f\000o\000r\000m\000a\000n\000c\000e\000\040\000M\000e\000t\000r\000i\000c}{subsection.2.4}% 32
\BOOKMARK [3][-]{subsubsection.2.4.2}{\376\377\000P\000a\000r\000a\000m\000e\000t\000r\000i\000c\000\040\000A\000n\000a\000l\000y\000s\000i\000s}{subsection.2.4}% 33
\BOOKMARK [3][-]{subsubsection.2.4.3}{\376\377\000T\000w\000o\000-\000P\000a\000r\000a\000m\000e\000t\000e\000r\000\040\000A\000n\000a\000l\000y\000s\000i\000s}{subsection.2.4}% 34
\BOOKMARK [2][-]{subsection.2.5}{\376\377\000T\000a\000b\000l\000e\000\040\000o\000f\000\040\000C\000o\000m\000p\000l\000i\000a\000n\000c\000e}{section.2}% 35
\BOOKMARK [1][-]{section.3}{\376\377\000R\000e\000s\000u\000l\000t\000s}{}% 36
\BOOKMARK [2][-]{subsection.3.1}{\376\377\000V\000a\000r\000i\000a\000t\000i\000o\000n\000\040\000o\000f\000\040\000M\000a\000t\000e\000r\000i\000a\000l\000\040\000\050\000C\000o\000n\000d\000u\000c\000t\000i\000v\000i\000t\000y\000\051}{section.3}% 37
\BOOKMARK [2][-]{subsection.3.2}{\376\377\000V\000a\000r\000i\000a\000t\000i\000o\000n\000\040\000o\000f\000\040\000F\000i\000n\000\040\000C\000o\000u\000n\000t}{section.3}% 38
\BOOKMARK [2][-]{subsection.3.3}{\376\377\000V\000a\000r\000i\000a\000t\000i\000o\000n\000\040\000o\000f\000\040\000F\000i\000n\000\040\000T\000h\000i\000c\000k\000n\000e\000s\000s}{section.3}% 39
\BOOKMARK [2][-]{subsection.3.4}{\376\377\000V\000a\000r\000i\000a\000t\000i\000o\000n\000\040\000o\000f\000\040\000F\000i\000n\000\040\000L\000e\000n\000g\000t\000h}{section.3}% 40
\BOOKMARK [2][-]{subsection.3.5}{\376\377\000V\000a\000r\000i\000a\000t\000i\000o\000n\000\040\000o\000f\000\040\000C\000P\000U\000\040\000P\000o\000w\000e\000r\000\040\000a\000n\000d\000\040\000N\000u\000m\000b\000e\000r\000\040\000o\000f\000\040\000F\000i\000n\000s}{section.3}% 41
\BOOKMARK [2][-]{subsection.3.6}{\376\377\000E\000v\000a\000l\000u\000a\000t\000i\000o\000n\000\040\000o\000f\000\040\000A\000s\000s\000u\000m\000p\000t\000i\000o\000n\000s\000\040\000F\000r\000o\000m\000\040\000P\000a\000r\000t\000\040\0001\000\040\000a\000n\000d\000\040\0002\000\040\000B\000a\000s\000e\000d\000\040\000o\000n\000\040\000R\000e\000s\000u\000l\000t\000s}{section.3}% 42
\BOOKMARK [1][-]{section.4}{\376\377\000C\000o\000n\000c\000l\000u\000s\000i\000o\000n\000s}{}% 43
\BOOKMARK [1][-]{section.5}{\376\377\000A\000p\000p\000e\000n\000d\000i\000c\000e\000s}{}% 44
\BOOKMARK [2][-]{subsection.5.1}{\376\377\000D\000a\000t\000a\000\040\000T\000a\000b\000l\000e\000s}{section.5}% 45
\BOOKMARK [2][-]{subsection.5.2}{\376\377\000M\000A\000T\000L\000A\000B\000\040\000C\000o\000d\000e}{section.5}% 46
\BOOKMARK [3][-]{subsubsection.5.2.1}{\376\377\000p\000a\000r\000t\0001\000.\000m}{subsection.5.2}% 47
\BOOKMARK [3][-]{subsubsection.5.2.2}{\376\377\000p\000a\000r\000t\0002\000.\000m}{subsection.5.2}% 48
\BOOKMARK [3][-]{subsubsection.5.2.3}{\376\377\000p\000a\000r\000t\0003\000.\000m}{subsection.5.2}% 49
\BOOKMARK [3][-]{subsubsection.5.2.4}{\376\377\000f\000i\000n\000d\000h\0002\000.\000m}{subsection.5.2}% 50
\BOOKMARK [3][-]{subsubsection.5.2.5}{\376\377\000p\000e\000r\000f\000.\000m}{subsection.5.2}% 51
\BOOKMARK [3][-]{subsubsection.5.2.6}{\376\377\000t\000i\000n\000f\000.\000m}{subsection.5.2}% 52
\BOOKMARK [3][-]{subsubsection.5.2.7}{\376\377\000c\000o\000n\000s\000t\000a\000n\000t\000s\000.\000m}{subsection.5.2}% 53
\BOOKMARK [3][-]{subsubsection.5.2.8}{\376\377\000c\000o\000n\000s\000t\000a\000n\000t\000s\000\137\000p\000a\000r\000t\0001\000.\000m}{subsection.5.2}% 54
\BOOKMARK [3][-]{subsubsection.5.2.9}{\376\377\000c\000o\000n\000s\000t\000a\000n\000t\000s\000\137\000p\000a\000r\000t\0002\000.\000m}{subsection.5.2}% 55
\BOOKMARK [3][-]{subsubsection.5.2.10}{\376\377\000c\000o\000n\000s\000t\000a\000n\000t\000s\000\137\000p\000a\000r\000t\0003\000.\000m}{subsection.5.2}% 56
